INFO:     Will watch for changes in these directories: ['/Applications/Cisco/twitly/daily-poster']
INFO:     Uvicorn running on http://0.0.0.0:8500 (Press CTRL+C to quit)
INFO:     Started reloader process [56253] using WatchFiles
INFO:     Started server process [56256]
INFO:     Waiting for application startup.
INFO:     Application startup complete.
🚀 Starting Daily Poster Service...
✅ Scheduled daily posts at 09:00 UTC
   Server ready on port 8500
INFO:     127.0.0.1:64519 - "GET / HTTP/1.1" 200 OK
WARNING:  WatchFiles detected changes in 'app/main.py'. Reloading...
INFO:     Shutting down
INFO:     Waiting for application shutdown.
INFO:     Application shutdown complete.
INFO:     Finished server process [56256]
INFO:     Started server process [56389]
INFO:     Waiting for application startup.
INFO:     Application startup complete.
🚀 Starting Daily Poster Service...
✅ Scheduled daily posts at 09:00 UTC
   Server ready on port 8500
INFO:     127.0.0.1:64599 - "OPTIONS /generate-from-prompt HTTP/1.1" 200 OK
🎨 Generating tweet from prompt: tell people about how good airstitch is.also the n...
   Calling xAI (Grok)...
✅ Generated (208 chars): Obsessed with AirStitch for all my custom embroidery needs! Their quality is unmatched, and the designs are flawless. Grab 10% off your order with promo code SETSY—don’t miss out! #AirStitch #CustomEmbroidery
📤 Posting to X via TypeScript API endpoint...
   Using user_id: 54a20da6-15ff-4b6e-b80e-77804db22edb
✅ API Response received
   Status: True
✅ Tweet posted successfully!
   URL: https://x.com/i/status/1987372911355646124
INFO:     127.0.0.1:64599 - "POST /generate-from-prompt HTTP/1.1" 200 OK
WARNING:  WatchFiles detected changes in 'app/main.py'. Reloading...
INFO:     Shutting down
INFO:     Waiting for application shutdown.
INFO:     Application shutdown complete.
INFO:     Finished server process [56389]
INFO:     Started server process [56640]
INFO:     Waiting for application startup.
INFO:     Application startup complete.
🚀 Starting Daily Poster Service...
✅ Scheduled daily posts at 09:00 UTC
   Server ready on port 8500
🎨 Generating post for: Airstitch appears to be a digital work assistance platform offering a unique 'pocket-sized' work assistant that operates 24/7. The service seems to be a cloud-based or mobile solution designed to support professionals by providing on-demand work support, 
   Calling xAI (Grok)...
✅ Generated (201 chars): Ever feel swamped by endless tasks? Airstitch is your pocket-sized work buddy, ready 24/7 to help you tackle the chaos. What’s one task you wish you could offload today? Let us know! #ProductivityHacks
📤 Posting to X via TypeScript API endpoint...
✅ API Response received
   Full response: {'success': True, 'message': 'Tweet posted successfully', 'url': None, 'fullResult': {'data': {'edit_history_tweet_ids': ['1987375746029904291'], 'id': '1987375746029904291', 'text': 'Ever feel swamped by endless tasks? Airstitch is your pocket-sized work buddy, ready 24/7 to help you tackle the chaos. What’s one task you wish you could offload today? Let us know! #ProductivityHacks'}}}
   Status: True
   Message: Tweet posted successfully
   Tweet ID: 1987375746029904291
   Tweet URL: None
✅ Tweet posted successfully!
   Tweet ID: 1987375746029904291
   URL: https://x.com/i/status/1987375746029904291
⚠️  Could not log to database (this is OK, tweet still posted): {'code': 'PGRST204', 'details': None, 'hint': None, 'message': "Could not find the 'brand_id' column of 'daily_content' in the schema cache"}
   To fix: Create daily_content table in Supabase
INFO:     127.0.0.1:65043 - "POST /post-now/54a20da6-15ff-4b6e-b80e-77804db22edb HTTP/1.1" 200 OK
🎨 Generating post for: Airstitch appears to be a digital work assistance platform offering a unique 'pocket-sized' work assistant that operates 24/7. The service seems to be a cloud-based or mobile solution designed to support professionals by providing on-demand work support, 
   Calling xAI (Grok)...
✅ Generated (182 chars): Struggling to keep up with tasks? A pocket-sized assistant can help you stay on track 24/7. What’s one productivity hack you swear by? Share with us—we’re all ears! #ProductivityTips
📤 Posting to X via TypeScript API endpoint...
✅ API Response received
   Full response: {'success': True, 'message': 'Tweet posted successfully', 'url': None, 'fullResult': {'data': {'edit_history_tweet_ids': ['1987376345026896050'], 'id': '1987376345026896050', 'text': 'Struggling to keep up with tasks? A pocket-sized assistant can help you stay on track 24/7. What’s one productivity hack you swear by? Share with us—we’re all ears! #ProductivityTips'}}}
   Status: True
   Message: Tweet posted successfully
   Tweet ID: 1987376345026896050
   Tweet URL: None
✅ Tweet posted successfully!
   Tweet ID: 1987376345026896050
   URL: https://x.com/i/status/1987376345026896050
⚠️  Could not log to database (this is OK, tweet still posted): {'code': 'PGRST204', 'details': None, 'hint': None, 'message': "Could not find the 'brand_id' column of 'daily_content' in the schema cache"}
   To fix: Create daily_content table in Supabase
INFO:     127.0.0.1:65121 - "POST /post-now/54a20da6-15ff-4b6e-b80e-77804db22edb HTTP/1.1" 200 OK
WARNING:  WatchFiles detected changes in 'app/main.py'. Reloading...
INFO:     Shutting down
INFO:     Waiting for application shutdown.
INFO:     Application shutdown complete.
INFO:     Finished server process [56640]
INFO:     Started server process [57882]
INFO:     Waiting for application startup.
INFO:     Application startup complete.
WARNING:  WatchFiles detected changes in 'app/main.py'. Reloading...
INFO:     Shutting down
INFO:     Waiting for application shutdown.
INFO:     Application shutdown complete.
INFO:     Finished server process [57882]
INFO:     Started server process [57889]
INFO:     Waiting for application startup.
INFO:     Application startup complete.
WARNING:  WatchFiles detected changes in 'app/main.py'. Reloading...
INFO:     Shutting down
INFO:     Waiting for application shutdown.
INFO:     Application shutdown complete.
INFO:     Finished server process [57889]
INFO:     Started server process [57910]
INFO:     Waiting for application startup.
INFO:     Application startup complete.
WARNING:  WatchFiles detected changes in 'app/prompts.py'. Reloading...
INFO:     Shutting down
INFO:     Waiting for application shutdown.
INFO:     Application shutdown complete.
INFO:     Finished server process [57910]
INFO:     Started server process [57926]
INFO:     Waiting for application startup.
INFO:     Application startup complete.
WARNING:  WatchFiles detected changes in 'app/prompts.py'. Reloading...
INFO:     Shutting down
INFO:     Waiting for application shutdown.
INFO:     Application shutdown complete.
INFO:     Finished server process [57926]
INFO:     Started server process [57944]
INFO:     Waiting for application startup.
INFO:     Application startup complete.
WARNING:  WatchFiles detected changes in 'app/prompts.py'. Reloading...
INFO:     Shutting down
INFO:     Waiting for application shutdown.
INFO:     Application shutdown complete.
INFO:     Finished server process [57944]
INFO:     Started server process [57952]
INFO:     Waiting for application startup.
INFO:     Application startup complete.
